{"total": {"lines":{"total":572,"covered":304,"skipped":0,"pct":53.14},"statements":{"total":572,"covered":304,"skipped":0,"pct":53.14},"functions":{"total":43,"covered":27,"skipped":0,"pct":62.79},"branches":{"total":57,"covered":47,"skipped":0,"pct":82.45},"branchesTrue":{"total":0,"covered":0,"skipped":0,"pct":100}}
,"/home/kasiliana/Documents/dev/challenge-frontend/src/App.tsx": {"lines":{"total":29,"covered":0,"skipped":0,"pct":0},"functions":{"total":1,"covered":0,"skipped":0,"pct":0},"statements":{"total":29,"covered":0,"skipped":0,"pct":0},"branches":{"total":1,"covered":0,"skipped":0,"pct":0}}
,"/home/kasiliana/Documents/dev/challenge-frontend/src/main.tsx": {"lines":{"total":8,"covered":0,"skipped":0,"pct":0},"functions":{"total":1,"covered":0,"skipped":0,"pct":0},"statements":{"total":8,"covered":0,"skipped":0,"pct":0},"branches":{"total":1,"covered":0,"skipped":0,"pct":0}}
,"/home/kasiliana/Documents/dev/challenge-frontend/src/components/AddProductButton/index.tsx": {"lines":{"total":17,"covered":17,"skipped":0,"pct":100},"functions":{"total":1,"covered":1,"skipped":0,"pct":100},"statements":{"total":17,"covered":17,"skipped":0,"pct":100},"branches":{"total":5,"covered":5,"skipped":0,"pct":100}}
,"/home/kasiliana/Documents/dev/challenge-frontend/src/components/CardProduct/index.tsx": {"lines":{"total":39,"covered":37,"skipped":0,"pct":94.87},"functions":{"total":2,"covered":1,"skipped":0,"pct":50},"statements":{"total":39,"covered":37,"skipped":0,"pct":94.87},"branches":{"total":1,"covered":1,"skipped":0,"pct":100}}
,"/home/kasiliana/Documents/dev/challenge-frontend/src/components/Cart/index.tsx": {"lines":{"total":56,"covered":0,"skipped":0,"pct":0},"functions":{"total":1,"covered":0,"skipped":0,"pct":0},"statements":{"total":56,"covered":0,"skipped":0,"pct":0},"branches":{"total":1,"covered":0,"skipped":0,"pct":0}}
,"/home/kasiliana/Documents/dev/challenge-frontend/src/components/CartButton/index.tsx": {"lines":{"total":26,"covered":25,"skipped":0,"pct":96.15},"functions":{"total":2,"covered":2,"skipped":0,"pct":100},"statements":{"total":26,"covered":25,"skipped":0,"pct":96.15},"branches":{"total":5,"covered":4,"skipped":0,"pct":80}}
,"/home/kasiliana/Documents/dev/challenge-frontend/src/components/CartItem/index.tsx": {"lines":{"total":36,"covered":0,"skipped":0,"pct":0},"functions":{"total":1,"covered":0,"skipped":0,"pct":0},"statements":{"total":36,"covered":0,"skipped":0,"pct":0},"branches":{"total":1,"covered":0,"skipped":0,"pct":0}}
,"/home/kasiliana/Documents/dev/challenge-frontend/src/components/Favorite/index.tsx": {"lines":{"total":34,"covered":0,"skipped":0,"pct":0},"functions":{"total":1,"covered":0,"skipped":0,"pct":0},"statements":{"total":34,"covered":0,"skipped":0,"pct":0},"branches":{"total":1,"covered":0,"skipped":0,"pct":0}}
,"/home/kasiliana/Documents/dev/challenge-frontend/src/components/FavoriteIcon/index.tsx": {"lines":{"total":31,"covered":31,"skipped":0,"pct":100},"functions":{"total":3,"covered":2,"skipped":0,"pct":66.66},"statements":{"total":31,"covered":31,"skipped":0,"pct":100},"branches":{"total":4,"covered":4,"skipped":0,"pct":100}}
,"/home/kasiliana/Documents/dev/challenge-frontend/src/components/FavoriteItem/index.tsx": {"lines":{"total":26,"covered":0,"skipped":0,"pct":0},"functions":{"total":1,"covered":0,"skipped":0,"pct":0},"statements":{"total":26,"covered":0,"skipped":0,"pct":0},"branches":{"total":1,"covered":0,"skipped":0,"pct":0}}
,"/home/kasiliana/Documents/dev/challenge-frontend/src/components/Header/index.tsx": {"lines":{"total":25,"covered":0,"skipped":0,"pct":0},"functions":{"total":1,"covered":0,"skipped":0,"pct":0},"statements":{"total":25,"covered":0,"skipped":0,"pct":0},"branches":{"total":1,"covered":0,"skipped":0,"pct":0}}
,"/home/kasiliana/Documents/dev/challenge-frontend/src/components/ProductDetails/index.tsx": {"lines":{"total":32,"covered":32,"skipped":0,"pct":100},"functions":{"total":1,"covered":1,"skipped":0,"pct":100},"statements":{"total":32,"covered":32,"skipped":0,"pct":100},"branches":{"total":1,"covered":1,"skipped":0,"pct":100}}
,"/home/kasiliana/Documents/dev/challenge-frontend/src/components/Products/index.tsx": {"lines":{"total":48,"covered":44,"skipped":0,"pct":91.66},"functions":{"total":1,"covered":1,"skipped":0,"pct":100},"statements":{"total":48,"covered":44,"skipped":0,"pct":91.66},"branches":{"total":5,"covered":5,"skipped":0,"pct":100}}
,"/home/kasiliana/Documents/dev/challenge-frontend/src/mock/productsMock.ts": {"lines":{"total":23,"covered":23,"skipped":0,"pct":100},"functions":{"total":0,"covered":0,"skipped":0,"pct":100},"statements":{"total":23,"covered":23,"skipped":0,"pct":100},"branches":{"total":0,"covered":0,"skipped":0,"pct":100}}
,"/home/kasiliana/Documents/dev/challenge-frontend/src/mock/testProduct.ts": {"lines":{"total":7,"covered":0,"skipped":0,"pct":0},"functions":{"total":1,"covered":1,"skipped":0,"pct":100},"statements":{"total":7,"covered":0,"skipped":0,"pct":0},"branches":{"total":1,"covered":1,"skipped":0,"pct":100}}
,"/home/kasiliana/Documents/dev/challenge-frontend/src/stores/cartStore.ts": {"lines":{"total":78,"covered":47,"skipped":0,"pct":60.25},"functions":{"total":8,"covered":4,"skipped":0,"pct":50},"statements":{"total":78,"covered":47,"skipped":0,"pct":60.25},"branches":{"total":10,"covered":9,"skipped":0,"pct":90}}
,"/home/kasiliana/Documents/dev/challenge-frontend/src/stores/favoriteStore.ts": {"lines":{"total":38,"covered":29,"skipped":0,"pct":76.31},"functions":{"total":6,"covered":3,"skipped":0,"pct":50},"statements":{"total":38,"covered":29,"skipped":0,"pct":76.31},"branches":{"total":7,"covered":6,"skipped":0,"pct":85.71}}
,"/home/kasiliana/Documents/dev/challenge-frontend/src/stores/types/index.ts": {"lines":{"total":0,"covered":0,"skipped":0,"pct":100},"functions":{"total":1,"covered":1,"skipped":0,"pct":100},"statements":{"total":0,"covered":0,"skipped":0,"pct":100},"branches":{"total":1,"covered":1,"skipped":0,"pct":100}}
,"/home/kasiliana/Documents/dev/challenge-frontend/src/types/cardButton.ts": {"lines":{"total":0,"covered":0,"skipped":0,"pct":100},"functions":{"total":1,"covered":1,"skipped":0,"pct":100},"statements":{"total":0,"covered":0,"skipped":0,"pct":100},"branches":{"total":1,"covered":1,"skipped":0,"pct":100}}
,"/home/kasiliana/Documents/dev/challenge-frontend/src/types/cardProduct.ts": {"lines":{"total":0,"covered":0,"skipped":0,"pct":100},"functions":{"total":1,"covered":1,"skipped":0,"pct":100},"statements":{"total":0,"covered":0,"skipped":0,"pct":100},"branches":{"total":1,"covered":1,"skipped":0,"pct":100}}
,"/home/kasiliana/Documents/dev/challenge-frontend/src/types/cart.ts": {"lines":{"total":0,"covered":0,"skipped":0,"pct":100},"functions":{"total":1,"covered":1,"skipped":0,"pct":100},"statements":{"total":0,"covered":0,"skipped":0,"pct":100},"branches":{"total":1,"covered":1,"skipped":0,"pct":100}}
,"/home/kasiliana/Documents/dev/challenge-frontend/src/types/cartItem.ts": {"lines":{"total":0,"covered":0,"skipped":0,"pct":100},"functions":{"total":1,"covered":1,"skipped":0,"pct":100},"statements":{"total":0,"covered":0,"skipped":0,"pct":100},"branches":{"total":1,"covered":1,"skipped":0,"pct":100}}
,"/home/kasiliana/Documents/dev/challenge-frontend/src/types/favoriteProduct.ts": {"lines":{"total":0,"covered":0,"skipped":0,"pct":100},"functions":{"total":1,"covered":1,"skipped":0,"pct":100},"statements":{"total":0,"covered":0,"skipped":0,"pct":100},"branches":{"total":1,"covered":1,"skipped":0,"pct":100}}
,"/home/kasiliana/Documents/dev/challenge-frontend/src/types/product.ts": {"lines":{"total":0,"covered":0,"skipped":0,"pct":100},"functions":{"total":1,"covered":1,"skipped":0,"pct":100},"statements":{"total":0,"covered":0,"skipped":0,"pct":100},"branches":{"total":1,"covered":1,"skipped":0,"pct":100}}
,"/home/kasiliana/Documents/dev/challenge-frontend/src/types/productButton.ts": {"lines":{"total":0,"covered":0,"skipped":0,"pct":100},"functions":{"total":1,"covered":1,"skipped":0,"pct":100},"statements":{"total":0,"covered":0,"skipped":0,"pct":100},"branches":{"total":1,"covered":1,"skipped":0,"pct":100}}
,"/home/kasiliana/Documents/dev/challenge-frontend/src/types/productDetails.ts": {"lines":{"total":0,"covered":0,"skipped":0,"pct":100},"functions":{"total":1,"covered":1,"skipped":0,"pct":100},"statements":{"total":0,"covered":0,"skipped":0,"pct":100},"branches":{"total":1,"covered":1,"skipped":0,"pct":100}}
,"/home/kasiliana/Documents/dev/challenge-frontend/src/utils/formatToLocaleString.ts": {"lines":{"total":6,"covered":6,"skipped":0,"pct":100},"functions":{"total":1,"covered":1,"skipped":0,"pct":100},"statements":{"total":6,"covered":6,"skipped":0,"pct":100},"branches":{"total":1,"covered":1,"skipped":0,"pct":100}}
,"/home/kasiliana/Documents/dev/challenge-frontend/src/utils/notification.tsx": {"lines":{"total":13,"covered":13,"skipped":0,"pct":100},"functions":{"total":1,"covered":1,"skipped":0,"pct":100},"statements":{"total":13,"covered":13,"skipped":0,"pct":100},"branches":{"total":1,"covered":1,"skipped":0,"pct":100}}
}
