{"total": {"lines":{"total":351,"covered":313,"skipped":0,"pct":89.17},"statements":{"total":351,"covered":313,"skipped":0,"pct":89.17},"functions":{"total":26,"covered":18,"skipped":0,"pct":69.23},"branches":{"total":45,"covered":43,"skipped":0,"pct":95.55},"branchesTrue":{"total":0,"covered":0,"skipped":0,"pct":100}}
,"/home/kasiliana/Documents/dev/challenge-frontend/src/components/AddProductButton/index.tsx": {"lines":{"total":17,"covered":17,"skipped":0,"pct":100},"functions":{"total":1,"covered":1,"skipped":0,"pct":100},"statements":{"total":17,"covered":17,"skipped":0,"pct":100},"branches":{"total":5,"covered":5,"skipped":0,"pct":100}}
,"/home/kasiliana/Documents/dev/challenge-frontend/src/components/CardProduct/index.tsx": {"lines":{"total":39,"covered":37,"skipped":0,"pct":94.87},"functions":{"total":2,"covered":1,"skipped":0,"pct":50},"statements":{"total":39,"covered":37,"skipped":0,"pct":94.87},"branches":{"total":1,"covered":1,"skipped":0,"pct":100}}
,"/home/kasiliana/Documents/dev/challenge-frontend/src/components/CartButton/index.tsx": {"lines":{"total":26,"covered":26,"skipped":0,"pct":100},"functions":{"total":2,"covered":2,"skipped":0,"pct":100},"statements":{"total":26,"covered":26,"skipped":0,"pct":100},"branches":{"total":5,"covered":5,"skipped":0,"pct":100}}
,"/home/kasiliana/Documents/dev/challenge-frontend/src/components/FavoriteIcon/index.tsx": {"lines":{"total":31,"covered":31,"skipped":0,"pct":100},"functions":{"total":3,"covered":2,"skipped":0,"pct":66.66},"statements":{"total":31,"covered":31,"skipped":0,"pct":100},"branches":{"total":4,"covered":4,"skipped":0,"pct":100}}
,"/home/kasiliana/Documents/dev/challenge-frontend/src/components/ProductDetails/index.tsx": {"lines":{"total":32,"covered":32,"skipped":0,"pct":100},"functions":{"total":1,"covered":1,"skipped":0,"pct":100},"statements":{"total":32,"covered":32,"skipped":0,"pct":100},"branches":{"total":1,"covered":1,"skipped":0,"pct":100}}
,"/home/kasiliana/Documents/dev/challenge-frontend/src/components/Products/index.tsx": {"lines":{"total":48,"covered":46,"skipped":0,"pct":95.83},"functions":{"total":1,"covered":1,"skipped":0,"pct":100},"statements":{"total":48,"covered":46,"skipped":0,"pct":95.83},"branches":{"total":6,"covered":6,"skipped":0,"pct":100}}
,"/home/kasiliana/Documents/dev/challenge-frontend/src/mock/productsMock.ts": {"lines":{"total":23,"covered":23,"skipped":0,"pct":100},"functions":{"total":0,"covered":0,"skipped":0,"pct":100},"statements":{"total":23,"covered":23,"skipped":0,"pct":100},"branches":{"total":0,"covered":0,"skipped":0,"pct":100}}
,"/home/kasiliana/Documents/dev/challenge-frontend/src/stores/cartStore.ts": {"lines":{"total":78,"covered":53,"skipped":0,"pct":67.94},"functions":{"total":8,"covered":5,"skipped":0,"pct":62.5},"statements":{"total":78,"covered":53,"skipped":0,"pct":67.94},"branches":{"total":14,"covered":13,"skipped":0,"pct":92.85}}
,"/home/kasiliana/Documents/dev/challenge-frontend/src/stores/favoriteStore.ts": {"lines":{"total":38,"covered":29,"skipped":0,"pct":76.31},"functions":{"total":6,"covered":3,"skipped":0,"pct":50},"statements":{"total":38,"covered":29,"skipped":0,"pct":76.31},"branches":{"total":7,"covered":6,"skipped":0,"pct":85.71}}
,"/home/kasiliana/Documents/dev/challenge-frontend/src/utils/formatToLocaleString.ts": {"lines":{"total":6,"covered":6,"skipped":0,"pct":100},"functions":{"total":1,"covered":1,"skipped":0,"pct":100},"statements":{"total":6,"covered":6,"skipped":0,"pct":100},"branches":{"total":1,"covered":1,"skipped":0,"pct":100}}
,"/home/kasiliana/Documents/dev/challenge-frontend/src/utils/notification.tsx": {"lines":{"total":13,"covered":13,"skipped":0,"pct":100},"functions":{"total":1,"covered":1,"skipped":0,"pct":100},"statements":{"total":13,"covered":13,"skipped":0,"pct":100},"branches":{"total":1,"covered":1,"skipped":0,"pct":100}}
}
