{"/home/kasiliana/Documents/dev/challenge-frontend/src/App.tsx": {"path":"/home/kasiliana/Documents/dev/challenge-frontend/src/App.tsx","all":true,"statementMap":{"0":{"start":{"line":1,"column":0},"end":{"line":1,"column":47}},"1":{"start":{"line":2,"column":0},"end":{"line":2,"column":40}},"2":{"start":{"line":3,"column":0},"end":{"line":3,"column":48}},"3":{"start":{"line":4,"column":0},"end":{"line":4,"column":44}},"4":{"start":{"line":5,"column":0},"end":{"line":5,"column":48}},"5":{"start":{"line":6,"column":0},"end":{"line":6,"column":21}},"6":{"start":{"line":7,"column":0},"end":{"line":7,"column":47}},"7":{"start":{"line":8,"column":0},"end":{"line":8,"column":16}},"9":{"start":{"line":10,"column":0},"end":{"line":10,"column":10}},"11":{"start":{"line":12,"column":0},"end":{"line":12,"column":26}},"12":{"start":{"line":13,"column":0},"end":{"line":13,"column":16}},"13":{"start":{"line":14,"column":0},"end":{"line":14,"column":18}},"14":{"start":{"line":15,"column":0},"end":{"line":15,"column":14}},"15":{"start":{"line":16,"column":0},"end":{"line":16,"column":18}},"16":{"start":{"line":17,"column":0},"end":{"line":17,"column":21}},"17":{"start":{"line":18,"column":0},"end":{"line":18,"column":31}},"18":{"start":{"line":19,"column":0},"end":{"line":19,"column":24}},"19":{"start":{"line":20,"column":0},"end":{"line":20,"column":31}},"20":{"start":{"line":21,"column":0},"end":{"line":21,"column":27}},"21":{"start":{"line":22,"column":0},"end":{"line":22,"column":20}},"22":{"start":{"line":23,"column":0},"end":{"line":23,"column":19}},"23":{"start":{"line":24,"column":0},"end":{"line":24,"column":24}},"24":{"start":{"line":25,"column":0},"end":{"line":25,"column":17}},"25":{"start":{"line":26,"column":0},"end":{"line":26,"column":20}},"26":{"start":{"line":27,"column":0},"end":{"line":27,"column":21}},"27":{"start":{"line":28,"column":0},"end":{"line":28,"column":8}},"28":{"start":{"line":29,"column":0},"end":{"line":29,"column":11}},"31":{"start":{"line":32,"column":0},"end":{"line":32,"column":1}},"33":{"start":{"line":34,"column":0},"end":{"line":34,"column":18}}},"s":{"0":0,"1":0,"2":0,"3":0,"4":0,"5":0,"6":0,"7":0,"9":0,"11":0,"12":0,"13":0,"14":0,"15":0,"16":0,"17":0,"18":0,"19":0,"20":0,"21":0,"22":0,"23":0,"24":0,"25":0,"26":0,"27":0,"28":0,"31":0,"33":0},"branchMap":{"0":{"type":"branch","line":1,"loc":{"start":{"line":1,"column":742},"end":{"line":34,"column":18}},"locations":[{"start":{"line":1,"column":742},"end":{"line":34,"column":18}}]}},"b":{"0":[0]},"fnMap":{"0":{"name":"(empty-report)","decl":{"start":{"line":1,"column":742},"end":{"line":34,"column":18}},"loc":{"start":{"line":1,"column":742},"end":{"line":34,"column":18}},"line":1}},"f":{"0":0}}
,"/home/kasiliana/Documents/dev/challenge-frontend/src/main.tsx": {"path":"/home/kasiliana/Documents/dev/challenge-frontend/src/main.tsx","all":true,"statementMap":{"0":{"start":{"line":1,"column":0},"end":{"line":1,"column":34}},"1":{"start":{"line":2,"column":0},"end":{"line":2,"column":45}},"2":{"start":{"line":3,"column":0},"end":{"line":3,"column":27}},"4":{"start":{"line":5,"column":0},"end":{"line":5,"column":52}},"5":{"start":{"line":6,"column":0},"end":{"line":6,"column":14}},"6":{"start":{"line":7,"column":0},"end":{"line":7,"column":11}},"7":{"start":{"line":8,"column":0},"end":{"line":8,"column":16}},"8":{"start":{"line":9,"column":0},"end":{"line":9,"column":1}}},"s":{"0":0,"1":0,"2":0,"4":0,"5":0,"6":0,"7":0,"8":0},"branchMap":{"0":{"type":"branch","line":1,"loc":{"start":{"line":1,"column":208},"end":{"line":9,"column":1}},"locations":[{"start":{"line":1,"column":208},"end":{"line":9,"column":1}}]}},"b":{"0":[0]},"fnMap":{"0":{"name":"(empty-report)","decl":{"start":{"line":1,"column":208},"end":{"line":9,"column":1}},"loc":{"start":{"line":1,"column":208},"end":{"line":9,"column":1}},"line":1}},"f":{"0":0}}
,"/home/kasiliana/Documents/dev/challenge-frontend/src/components/AddProductButton/index.tsx": {"path":"/home/kasiliana/Documents/dev/challenge-frontend/src/components/AddProductButton/index.tsx","all":false,"statementMap":{"0":{"start":{"line":1,"column":0},"end":{"line":1,"column":50}},"1":{"start":{"line":2,"column":0},"end":{"line":2,"column":41}},"5":{"start":{"line":6,"column":0},"end":{"line":6,"column":68}},"6":{"start":{"line":7,"column":0},"end":{"line":7,"column":10}},"7":{"start":{"line":8,"column":0},"end":{"line":8,"column":8}},"8":{"start":{"line":9,"column":0},"end":{"line":9,"column":29}},"9":{"start":{"line":10,"column":0},"end":{"line":10,"column":10}},"10":{"start":{"line":11,"column":0},"end":{"line":11,"column":11}},"11":{"start":{"line":12,"column":0},"end":{"line":12,"column":23}},"12":{"start":{"line":13,"column":0},"end":{"line":13,"column":107}},"15":{"start":{"line":16,"column":0},"end":{"line":16,"column":23}},"16":{"start":{"line":17,"column":0},"end":{"line":17,"column":30}},"18":{"start":{"line":19,"column":0},"end":{"line":19,"column":16}},"19":{"start":{"line":20,"column":0},"end":{"line":20,"column":37}},"20":{"start":{"line":21,"column":0},"end":{"line":21,"column":17}},"24":{"start":{"line":25,"column":0},"end":{"line":25,"column":13}},"26":{"start":{"line":27,"column":0},"end":{"line":27,"column":2}}},"s":{"0":1,"1":1,"5":1,"6":12,"7":12,"8":12,"9":12,"10":12,"11":12,"12":12,"15":12,"16":10,"18":2,"19":2,"20":2,"24":12,"26":12},"branchMap":{"0":{"type":"branch","line":6,"loc":{"start":{"line":6,"column":66},"end":{"line":27,"column":2}},"locations":[{"start":{"line":6,"column":66},"end":{"line":27,"column":2}}]},"1":{"type":"branch","line":13,"loc":{"start":{"line":13,"column":45},"end":{"line":13,"column":82}},"locations":[{"start":{"line":13,"column":45},"end":{"line":13,"column":82}}]},"2":{"type":"branch","line":13,"loc":{"start":{"line":13,"column":78},"end":{"line":13,"column":104}},"locations":[{"start":{"line":13,"column":78},"end":{"line":13,"column":104}}]},"3":{"type":"branch","line":16,"loc":{"start":{"line":16,"column":8},"end":{"line":17,"column":30}},"locations":[{"start":{"line":16,"column":8},"end":{"line":17,"column":30}}]},"4":{"type":"branch","line":17,"loc":{"start":{"line":17,"column":23},"end":{"line":21,"column":17}},"locations":[{"start":{"line":17,"column":23},"end":{"line":21,"column":17}}]}},"b":{"0":[12],"1":[10],"2":[2],"3":[10],"4":[2]},"fnMap":{"0":{"name":"AddProductButton","decl":{"start":{"line":6,"column":66},"end":{"line":27,"column":2}},"loc":{"start":{"line":6,"column":66},"end":{"line":27,"column":2}},"line":6}},"f":{"0":12}}
,"/home/kasiliana/Documents/dev/challenge-frontend/src/components/CardProduct/index.tsx": {"path":"/home/kasiliana/Documents/dev/challenge-frontend/src/components/CardProduct/index.tsx","all":false,"statementMap":{"0":{"start":{"line":1,"column":0},"end":{"line":1,"column":41}},"1":{"start":{"line":2,"column":0},"end":{"line":2,"column":47}},"2":{"start":{"line":3,"column":0},"end":{"line":3,"column":51}},"3":{"start":{"line":4,"column":0},"end":{"line":4,"column":33}},"5":{"start":{"line":6,"column":0},"end":{"line":6,"column":39}},"7":{"start":{"line":8,"column":0},"end":{"line":8,"column":80}},"8":{"start":{"line":9,"column":0},"end":{"line":9,"column":55}},"9":{"start":{"line":10,"column":0},"end":{"line":10,"column":2}},"10":{"start":{"line":11,"column":0},"end":{"line":11,"column":53}},"11":{"start":{"line":12,"column":0},"end":{"line":12,"column":10}},"12":{"start":{"line":13,"column":0},"end":{"line":13,"column":18}},"13":{"start":{"line":14,"column":0},"end":{"line":14,"column":23}},"14":{"start":{"line":15,"column":0},"end":{"line":15,"column":23}},"15":{"start":{"line":16,"column":0},"end":{"line":16,"column":28}},"16":{"start":{"line":17,"column":0},"end":{"line":17,"column":7}},"18":{"start":{"line":19,"column":0},"end":{"line":19,"column":10}},"19":{"start":{"line":20,"column":0},"end":{"line":20,"column":38}},"20":{"start":{"line":21,"column":0},"end":{"line":21,"column":47}},"21":{"start":{"line":22,"column":0},"end":{"line":22,"column":91}},"22":{"start":{"line":23,"column":0},"end":{"line":23,"column":21}},"23":{"start":{"line":24,"column":0},"end":{"line":24,"column":27}},"24":{"start":{"line":25,"column":0},"end":{"line":25,"column":54}},"25":{"start":{"line":26,"column":0},"end":{"line":26,"column":63}},"26":{"start":{"line":27,"column":0},"end":{"line":27,"column":10}},"27":{"start":{"line":28,"column":0},"end":{"line":28,"column":12}},"28":{"start":{"line":29,"column":0},"end":{"line":29,"column":21}},"29":{"start":{"line":30,"column":0},"end":{"line":30,"column":29}},"30":{"start":{"line":31,"column":0},"end":{"line":31,"column":45}},"31":{"start":{"line":32,"column":0},"end":{"line":32,"column":37}},"32":{"start":{"line":33,"column":0},"end":{"line":33,"column":8}},"34":{"start":{"line":35,"column":0},"end":{"line":35,"column":17}},"35":{"start":{"line":36,"column":0},"end":{"line":36,"column":25}},"36":{"start":{"line":37,"column":0},"end":{"line":37,"column":51}},"37":{"start":{"line":38,"column":0},"end":{"line":38,"column":41}},"38":{"start":{"line":39,"column":0},"end":{"line":39,"column":30}},"39":{"start":{"line":40,"column":0},"end":{"line":40,"column":8}},"41":{"start":{"line":42,"column":0},"end":{"line":42,"column":10}},"43":{"start":{"line":44,"column":0},"end":{"line":44,"column":1}},"44":{"start":{"line":45,"column":0},"end":{"line":45,"column":64}}},"s":{"0":1,"1":1,"2":1,"3":1,"5":1,"7":1,"8":0,"9":0,"10":1,"11":9,"12":9,"13":9,"14":9,"15":9,"16":9,"18":9,"19":9,"20":9,"21":9,"22":9,"23":9,"24":9,"25":9,"26":9,"27":9,"28":9,"29":9,"30":9,"31":9,"32":9,"34":9,"35":9,"36":9,"37":9,"38":9,"39":9,"41":9,"43":9,"44":1},"branchMap":{"0":{"type":"branch","line":11,"loc":{"start":{"line":11,"column":51},"end":{"line":44,"column":1}},"locations":[{"start":{"line":11,"column":51},"end":{"line":44,"column":1}}]}},"b":{"0":[9]},"fnMap":{"0":{"name":"areEqual","decl":{"start":{"line":8,"column":17},"end":{"line":10,"column":2}},"loc":{"start":{"line":8,"column":17},"end":{"line":10,"column":2}},"line":8},"1":{"name":"CardProductComponent","decl":{"start":{"line":11,"column":51},"end":{"line":44,"column":1}},"loc":{"start":{"line":11,"column":51},"end":{"line":44,"column":1}},"line":11}},"f":{"0":0,"1":9}}
,"/home/kasiliana/Documents/dev/challenge-frontend/src/components/Cart/index.tsx": {"path":"/home/kasiliana/Documents/dev/challenge-frontend/src/components/Cart/index.tsx","all":true,"statementMap":{"0":{"start":{"line":1,"column":0},"end":{"line":1,"column":39}},"1":{"start":{"line":2,"column":0},"end":{"line":2,"column":38}},"2":{"start":{"line":3,"column":0},"end":{"line":3,"column":40}},"3":{"start":{"line":4,"column":0},"end":{"line":4,"column":71}},"4":{"start":{"line":5,"column":0},"end":{"line":5,"column":53}},"5":{"start":{"line":6,"column":0},"end":{"line":6,"column":49}},"7":{"start":{"line":8,"column":0},"end":{"line":8,"column":36}},"8":{"start":{"line":9,"column":0},"end":{"line":9,"column":9}},"9":{"start":{"line":10,"column":0},"end":{"line":10,"column":9}},"10":{"start":{"line":11,"column":0},"end":{"line":11,"column":23}},"11":{"start":{"line":12,"column":0},"end":{"line":12,"column":17}},"12":{"start":{"line":13,"column":0},"end":{"line":13,"column":28}},"13":{"start":{"line":14,"column":0},"end":{"line":14,"column":14}},"14":{"start":{"line":15,"column":0},"end":{"line":15,"column":26}},"15":{"start":{"line":16,"column":0},"end":{"line":16,"column":18}},"16":{"start":{"line":17,"column":0},"end":{"line":17,"column":14}},"17":{"start":{"line":18,"column":0},"end":{"line":18,"column":21}},"19":{"start":{"line":20,"column":0},"end":{"line":20,"column":62}},"21":{"start":{"line":22,"column":0},"end":{"line":22,"column":19}},"22":{"start":{"line":23,"column":0},"end":{"line":23,"column":19}},"23":{"start":{"line":24,"column":0},"end":{"line":24,"column":47}},"24":{"start":{"line":25,"column":0},"end":{"line":25,"column":40}},"26":{"start":{"line":27,"column":0},"end":{"line":27,"column":18}},"27":{"start":{"line":28,"column":0},"end":{"line":28,"column":40}},"28":{"start":{"line":29,"column":0},"end":{"line":29,"column":6}},"29":{"start":{"line":30,"column":0},"end":{"line":30,"column":22}},"31":{"start":{"line":32,"column":0},"end":{"line":32,"column":10}},"33":{"start":{"line":34,"column":0},"end":{"line":34,"column":97}},"34":{"start":{"line":35,"column":0},"end":{"line":35,"column":73}},"35":{"start":{"line":36,"column":0},"end":{"line":36,"column":46}},"36":{"start":{"line":37,"column":0},"end":{"line":37,"column":54}},"37":{"start":{"line":38,"column":0},"end":{"line":38,"column":64}},"38":{"start":{"line":39,"column":0},"end":{"line":39,"column":17}},"39":{"start":{"line":40,"column":0},"end":{"line":40,"column":50}},"40":{"start":{"line":41,"column":0},"end":{"line":41,"column":32}},"42":{"start":{"line":43,"column":0},"end":{"line":43,"column":29}},"43":{"start":{"line":44,"column":0},"end":{"line":44,"column":19}},"44":{"start":{"line":45,"column":0},"end":{"line":45,"column":14}},"46":{"start":{"line":47,"column":0},"end":{"line":47,"column":31}},"47":{"start":{"line":48,"column":0},"end":{"line":48,"column":21}},"48":{"start":{"line":49,"column":0},"end":{"line":49,"column":30}},"49":{"start":{"line":50,"column":0},"end":{"line":50,"column":31}},"50":{"start":{"line":51,"column":0},"end":{"line":51,"column":63}},"51":{"start":{"line":52,"column":0},"end":{"line":52,"column":41}},"52":{"start":{"line":53,"column":0},"end":{"line":53,"column":57}},"53":{"start":{"line":54,"column":0},"end":{"line":54,"column":18}},"54":{"start":{"line":55,"column":0},"end":{"line":55,"column":12}},"57":{"start":{"line":58,"column":0},"end":{"line":58,"column":30}},"58":{"start":{"line":59,"column":0},"end":{"line":59,"column":12}},"59":{"start":{"line":60,"column":0},"end":{"line":60,"column":39}},"60":{"start":{"line":61,"column":0},"end":{"line":61,"column":13}},"64":{"start":{"line":65,"column":0},"end":{"line":65,"column":67}},"66":{"start":{"line":67,"column":0},"end":{"line":67,"column":12}},"67":{"start":{"line":68,"column":0},"end":{"line":68,"column":10}},"69":{"start":{"line":70,"column":0},"end":{"line":70,"column":1}},"71":{"start":{"line":72,"column":0},"end":{"line":72,"column":40}}},"s":{"0":0,"1":0,"2":0,"3":0,"4":0,"5":0,"7":0,"8":0,"9":0,"10":0,"11":0,"12":0,"13":0,"14":0,"15":0,"16":0,"17":0,"19":0,"21":0,"22":0,"23":0,"24":0,"26":0,"27":0,"28":0,"29":0,"31":0,"33":0,"34":0,"35":0,"36":0,"37":0,"38":0,"39":0,"40":0,"42":0,"43":0,"44":0,"46":0,"47":0,"48":0,"49":0,"50":0,"51":0,"52":0,"53":0,"54":0,"57":0,"58":0,"59":0,"60":0,"64":0,"66":0,"67":0,"69":0,"71":0},"branchMap":{"0":{"type":"branch","line":1,"loc":{"start":{"line":1,"column":0},"end":{"line":72,"column":-976}},"locations":[{"start":{"line":1,"column":0},"end":{"line":72,"column":-976}}]}},"b":{"0":[0]},"fnMap":{"0":{"name":"(empty-report)","decl":{"start":{"line":1,"column":0},"end":{"line":72,"column":-976}},"loc":{"start":{"line":1,"column":0},"end":{"line":72,"column":-976}},"line":1}},"f":{"0":0}}
,"/home/kasiliana/Documents/dev/challenge-frontend/src/components/CartButton/index.tsx": {"path":"/home/kasiliana/Documents/dev/challenge-frontend/src/components/CartButton/index.tsx","all":false,"statementMap":{"0":{"start":{"line":1,"column":0},"end":{"line":1,"column":27}},"1":{"start":{"line":2,"column":0},"end":{"line":2,"column":54}},"2":{"start":{"line":3,"column":0},"end":{"line":3,"column":55}},"6":{"start":{"line":7,"column":0},"end":{"line":7,"column":42}},"7":{"start":{"line":8,"column":0},"end":{"line":8,"column":12}},"8":{"start":{"line":9,"column":0},"end":{"line":9,"column":10}},"9":{"start":{"line":10,"column":0},"end":{"line":10,"column":18}},"10":{"start":{"line":11,"column":0},"end":{"line":11,"column":23}},"11":{"start":{"line":12,"column":0},"end":{"line":12,"column":7}},"12":{"start":{"line":13,"column":0},"end":{"line":13,"column":45}},"13":{"start":{"line":14,"column":0},"end":{"line":14,"column":94}},"15":{"start":{"line":16,"column":0},"end":{"line":16,"column":35}},"16":{"start":{"line":17,"column":0},"end":{"line":17,"column":25}},"17":{"start":{"line":18,"column":0},"end":{"line":18,"column":38}},"18":{"start":{"line":19,"column":0},"end":{"line":19,"column":12}},"19":{"start":{"line":20,"column":0},"end":{"line":20,"column":31}},"20":{"start":{"line":21,"column":0},"end":{"line":21,"column":5}},"21":{"start":{"line":22,"column":0},"end":{"line":22,"column":4}},"23":{"start":{"line":24,"column":0},"end":{"line":24,"column":10}},"24":{"start":{"line":25,"column":0},"end":{"line":25,"column":21}},"25":{"start":{"line":26,"column":0},"end":{"line":26,"column":33}},"26":{"start":{"line":27,"column":0},"end":{"line":27,"column":35}},"27":{"start":{"line":28,"column":0},"end":{"line":28,"column":57}},"28":{"start":{"line":29,"column":0},"end":{"line":29,"column":6}},"30":{"start":{"line":31,"column":0},"end":{"line":31,"column":2}},"32":{"start":{"line":33,"column":0},"end":{"line":33,"column":26}}},"s":{"0":1,"1":1,"2":1,"6":1,"7":12,"8":12,"9":12,"10":12,"11":12,"12":12,"13":12,"15":12,"16":1,"17":0,"18":1,"19":1,"20":1,"21":1,"23":12,"24":12,"25":12,"26":12,"27":12,"28":12,"30":12,"32":1},"branchMap":{"0":{"type":"branch","line":7,"loc":{"start":{"line":7,"column":40},"end":{"line":31,"column":2}},"locations":[{"start":{"line":7,"column":40},"end":{"line":31,"column":2}}]},"1":{"type":"branch","line":28,"loc":{"start":{"line":28,"column":13},"end":{"line":28,"column":45}},"locations":[{"start":{"line":28,"column":13},"end":{"line":28,"column":45}}]},"2":{"type":"branch","line":28,"loc":{"start":{"line":28,"column":30},"end":{"line":28,"column":57}},"locations":[{"start":{"line":28,"column":30},"end":{"line":28,"column":57}}]},"3":{"type":"branch","line":16,"loc":{"start":{"line":16,"column":28},"end":{"line":22,"column":4}},"locations":[{"start":{"line":16,"column":28},"end":{"line":22,"column":4}}]},"4":{"type":"branch","line":17,"loc":{"start":{"line":17,"column":24},"end":{"line":19,"column":11}},"locations":[{"start":{"line":17,"column":24},"end":{"line":19,"column":11}}]}},"b":{"0":[12],"1":[2],"2":[10],"3":[1],"4":[0]},"fnMap":{"0":{"name":"CartButton","decl":{"start":{"line":7,"column":40},"end":{"line":31,"column":2}},"loc":{"start":{"line":7,"column":40},"end":{"line":31,"column":2}},"line":7},"1":{"name":"handleButtonClick","decl":{"start":{"line":16,"column":28},"end":{"line":22,"column":4}},"loc":{"start":{"line":16,"column":28},"end":{"line":22,"column":4}},"line":16}},"f":{"0":12,"1":1}}
,"/home/kasiliana/Documents/dev/challenge-frontend/src/components/CartItem/index.tsx": {"path":"/home/kasiliana/Documents/dev/challenge-frontend/src/components/CartItem/index.tsx","all":true,"statementMap":{"0":{"start":{"line":1,"column":0},"end":{"line":1,"column":33}},"1":{"start":{"line":2,"column":0},"end":{"line":2,"column":72}},"2":{"start":{"line":3,"column":0},"end":{"line":3,"column":41}},"3":{"start":{"line":4,"column":0},"end":{"line":4,"column":79}},"4":{"start":{"line":5,"column":0},"end":{"line":5,"column":56}},"8":{"start":{"line":9,"column":0},"end":{"line":9,"column":55}},"9":{"start":{"line":10,"column":0},"end":{"line":10,"column":10}},"10":{"start":{"line":11,"column":0},"end":{"line":11,"column":18}},"11":{"start":{"line":12,"column":0},"end":{"line":12,"column":23}},"12":{"start":{"line":13,"column":0},"end":{"line":13,"column":33}},"13":{"start":{"line":14,"column":0},"end":{"line":14,"column":68}},"15":{"start":{"line":16,"column":0},"end":{"line":16,"column":10}},"16":{"start":{"line":17,"column":0},"end":{"line":17,"column":51}},"17":{"start":{"line":18,"column":0},"end":{"line":18,"column":71}},"19":{"start":{"line":20,"column":0},"end":{"line":20,"column":51}},"20":{"start":{"line":21,"column":0},"end":{"line":21,"column":49}},"21":{"start":{"line":22,"column":0},"end":{"line":22,"column":25}},"22":{"start":{"line":23,"column":0},"end":{"line":23,"column":12}},"23":{"start":{"line":24,"column":0},"end":{"line":24,"column":37}},"24":{"start":{"line":25,"column":0},"end":{"line":25,"column":54}},"25":{"start":{"line":26,"column":0},"end":{"line":26,"column":79}},"26":{"start":{"line":27,"column":0},"end":{"line":27,"column":35}},"27":{"start":{"line":28,"column":0},"end":{"line":28,"column":67}},"28":{"start":{"line":29,"column":0},"end":{"line":29,"column":14}},"29":{"start":{"line":30,"column":0},"end":{"line":30,"column":12}},"31":{"start":{"line":32,"column":0},"end":{"line":32,"column":13}},"32":{"start":{"line":33,"column":0},"end":{"line":33,"column":46}},"33":{"start":{"line":34,"column":0},"end":{"line":34,"column":24}},"34":{"start":{"line":35,"column":0},"end":{"line":35,"column":42}},"35":{"start":{"line":36,"column":0},"end":{"line":36,"column":55}},"36":{"start":{"line":37,"column":0},"end":{"line":37,"column":10}},"38":{"start":{"line":39,"column":0},"end":{"line":39,"column":25}},"39":{"start":{"line":40,"column":0},"end":{"line":40,"column":15}},"40":{"start":{"line":41,"column":0},"end":{"line":41,"column":11}},"42":{"start":{"line":43,"column":0},"end":{"line":43,"column":1}},"44":{"start":{"line":45,"column":0},"end":{"line":45,"column":48}}},"s":{"0":0,"1":0,"2":0,"3":0,"4":0,"8":0,"9":0,"10":0,"11":0,"12":0,"13":0,"15":0,"16":0,"17":0,"19":0,"20":0,"21":0,"22":0,"23":0,"24":0,"25":0,"26":0,"27":0,"28":0,"29":0,"31":0,"32":0,"33":0,"34":0,"35":0,"36":0,"38":0,"39":0,"40":0,"42":0,"44":0},"branchMap":{"0":{"type":"branch","line":1,"loc":{"start":{"line":1,"column":0},"end":{"line":45,"column":-705}},"locations":[{"start":{"line":1,"column":0},"end":{"line":45,"column":-705}}]}},"b":{"0":[0]},"fnMap":{"0":{"name":"(empty-report)","decl":{"start":{"line":1,"column":0},"end":{"line":45,"column":-705}},"loc":{"start":{"line":1,"column":0},"end":{"line":45,"column":-705}},"line":1}},"f":{"0":0}}
,"/home/kasiliana/Documents/dev/challenge-frontend/src/components/Favorite/index.tsx": {"path":"/home/kasiliana/Documents/dev/challenge-frontend/src/components/Favorite/index.tsx","all":true,"statementMap":{"0":{"start":{"line":1,"column":0},"end":{"line":1,"column":40}},"1":{"start":{"line":2,"column":0},"end":{"line":2,"column":46}},"2":{"start":{"line":3,"column":0},"end":{"line":3,"column":61}},"3":{"start":{"line":4,"column":0},"end":{"line":4,"column":50}},"4":{"start":{"line":5,"column":0},"end":{"line":5,"column":34}},"5":{"start":{"line":6,"column":0},"end":{"line":6,"column":31}},"7":{"start":{"line":8,"column":0},"end":{"line":8,"column":108}},"8":{"start":{"line":9,"column":0},"end":{"line":9,"column":19}},"9":{"start":{"line":10,"column":0},"end":{"line":10,"column":15}},"10":{"start":{"line":11,"column":0},"end":{"line":11,"column":47}},"11":{"start":{"line":12,"column":0},"end":{"line":12,"column":40}},"13":{"start":{"line":14,"column":0},"end":{"line":14,"column":18}},"14":{"start":{"line":15,"column":0},"end":{"line":15,"column":40}},"15":{"start":{"line":16,"column":0},"end":{"line":16,"column":6}},"16":{"start":{"line":17,"column":0},"end":{"line":17,"column":18}},"18":{"start":{"line":19,"column":0},"end":{"line":19,"column":10}},"20":{"start":{"line":21,"column":0},"end":{"line":21,"column":101}},"21":{"start":{"line":22,"column":0},"end":{"line":22,"column":91}},"22":{"start":{"line":23,"column":0},"end":{"line":23,"column":50}},"23":{"start":{"line":24,"column":0},"end":{"line":24,"column":58}},"24":{"start":{"line":25,"column":0},"end":{"line":25,"column":70}},"25":{"start":{"line":26,"column":0},"end":{"line":26,"column":17}},"26":{"start":{"line":27,"column":0},"end":{"line":27,"column":54}},"27":{"start":{"line":28,"column":0},"end":{"line":28,"column":46}},"29":{"start":{"line":30,"column":0},"end":{"line":30,"column":29}},"30":{"start":{"line":31,"column":0},"end":{"line":31,"column":19}},"31":{"start":{"line":32,"column":0},"end":{"line":32,"column":14}},"33":{"start":{"line":34,"column":0},"end":{"line":34,"column":36}},"34":{"start":{"line":35,"column":0},"end":{"line":35,"column":119}},"35":{"start":{"line":36,"column":0},"end":{"line":36,"column":12}},"39":{"start":{"line":40,"column":0},"end":{"line":40,"column":85}},"41":{"start":{"line":42,"column":0},"end":{"line":42,"column":12}},"42":{"start":{"line":43,"column":0},"end":{"line":43,"column":10}},"44":{"start":{"line":45,"column":0},"end":{"line":45,"column":1}}},"s":{"0":0,"1":0,"2":0,"3":0,"4":0,"5":0,"7":0,"8":0,"9":0,"10":0,"11":0,"13":0,"14":0,"15":0,"16":0,"18":0,"20":0,"21":0,"22":0,"23":0,"24":0,"25":0,"26":0,"27":0,"29":0,"30":0,"31":0,"33":0,"34":0,"35":0,"39":0,"41":0,"42":0,"44":0},"branchMap":{"0":{"type":"branch","line":1,"loc":{"start":{"line":1,"column":0},"end":{"line":45,"column":-788}},"locations":[{"start":{"line":1,"column":0},"end":{"line":45,"column":-788}}]}},"b":{"0":[0]},"fnMap":{"0":{"name":"(empty-report)","decl":{"start":{"line":1,"column":0},"end":{"line":45,"column":-788}},"loc":{"start":{"line":1,"column":0},"end":{"line":45,"column":-788}},"line":1}},"f":{"0":0}}
,"/home/kasiliana/Documents/dev/challenge-frontend/src/components/FavoriteIcon/index.tsx": {"path":"/home/kasiliana/Documents/dev/challenge-frontend/src/components/FavoriteIcon/index.tsx","all":false,"statementMap":{"0":{"start":{"line":1,"column":0},"end":{"line":1,"column":62}},"2":{"start":{"line":3,"column":0},"end":{"line":3,"column":40}},"4":{"start":{"line":5,"column":0},"end":{"line":5,"column":62}},"6":{"start":{"line":7,"column":0},"end":{"line":7,"column":61}},"7":{"start":{"line":8,"column":0},"end":{"line":8,"column":10}},"8":{"start":{"line":9,"column":0},"end":{"line":9,"column":28}},"9":{"start":{"line":10,"column":0},"end":{"line":10,"column":23}},"10":{"start":{"line":11,"column":0},"end":{"line":11,"column":7}},"12":{"start":{"line":13,"column":0},"end":{"line":13,"column":54}},"13":{"start":{"line":14,"column":0},"end":{"line":14,"column":62}},"15":{"start":{"line":16,"column":0},"end":{"line":16,"column":10}},"16":{"start":{"line":17,"column":0},"end":{"line":17,"column":6}},"18":{"start":{"line":19,"column":0},"end":{"line":19,"column":30}},"19":{"start":{"line":20,"column":0},"end":{"line":20,"column":22}},"20":{"start":{"line":21,"column":0},"end":{"line":21,"column":49}},"21":{"start":{"line":22,"column":0},"end":{"line":22,"column":65}},"22":{"start":{"line":23,"column":0},"end":{"line":23,"column":20}},"23":{"start":{"line":24,"column":0},"end":{"line":24,"column":31}},"24":{"start":{"line":25,"column":0},"end":{"line":25,"column":14}},"25":{"start":{"line":26,"column":0},"end":{"line":26,"column":23}},"26":{"start":{"line":27,"column":0},"end":{"line":27,"column":77}},"28":{"start":{"line":29,"column":0},"end":{"line":29,"column":12}},"31":{"start":{"line":32,"column":0},"end":{"line":32,"column":24}},"32":{"start":{"line":33,"column":0},"end":{"line":33,"column":46}},"33":{"start":{"line":34,"column":0},"end":{"line":34,"column":58}},"34":{"start":{"line":35,"column":0},"end":{"line":35,"column":40}},"35":{"start":{"line":36,"column":0},"end":{"line":36,"column":23}},"36":{"start":{"line":37,"column":0},"end":{"line":37,"column":79}},"37":{"start":{"line":38,"column":0},"end":{"line":38,"column":16}},"40":{"start":{"line":41,"column":0},"end":{"line":41,"column":7}},"42":{"start":{"line":43,"column":0},"end":{"line":43,"column":1}}},"s":{"0":1,"2":1,"4":1,"6":1,"7":12,"8":12,"9":12,"10":12,"12":12,"13":12,"15":12,"16":12,"18":12,"19":1,"20":1,"21":1,"22":1,"23":1,"24":1,"25":1,"26":1,"28":1,"31":11,"32":11,"33":11,"34":11,"35":11,"36":11,"37":11,"40":12,"42":12},"branchMap":{"0":{"type":"branch","line":7,"loc":{"start":{"line":7,"column":59},"end":{"line":43,"column":1}},"locations":[{"start":{"line":7,"column":59},"end":{"line":43,"column":1}}]},"1":{"type":"branch","line":19,"loc":{"start":{"line":19,"column":8},"end":{"line":29,"column":12}},"locations":[{"start":{"line":19,"column":8},"end":{"line":29,"column":12}}]},"2":{"type":"branch","line":29,"loc":{"start":{"line":29,"column":10},"end":{"line":38,"column":16}},"locations":[{"start":{"line":29,"column":10},"end":{"line":38,"column":16}}]},"3":{"type":"branch","line":34,"loc":{"start":{"line":34,"column":21},"end":{"line":34,"column":58}},"locations":[{"start":{"line":34,"column":21},"end":{"line":34,"column":58}}]}},"b":{"0":[12],"1":[1],"2":[11],"3":[1]},"fnMap":{"0":{"name":"FavoriteIcon","decl":{"start":{"line":7,"column":59},"end":{"line":43,"column":1}},"loc":{"start":{"line":7,"column":59},"end":{"line":43,"column":1}},"line":7},"1":{"name":"onClick","decl":{"start":{"line":22,"column":21},"end":{"line":22,"column":65}},"loc":{"start":{"line":22,"column":21},"end":{"line":22,"column":65}},"line":22},"2":{"name":"onClick","decl":{"start":{"line":34,"column":21},"end":{"line":34,"column":58}},"loc":{"start":{"line":34,"column":21},"end":{"line":34,"column":58}},"line":34}},"f":{"0":12,"1":0,"2":1}}
,"/home/kasiliana/Documents/dev/challenge-frontend/src/components/FavoriteItem/index.tsx": {"path":"/home/kasiliana/Documents/dev/challenge-frontend/src/components/FavoriteItem/index.tsx","all":true,"statementMap":{"0":{"start":{"line":1,"column":0},"end":{"line":1,"column":27}},"2":{"start":{"line":3,"column":0},"end":{"line":3,"column":72}},"3":{"start":{"line":4,"column":0},"end":{"line":4,"column":41}},"4":{"start":{"line":5,"column":0},"end":{"line":5,"column":50}},"5":{"start":{"line":6,"column":0},"end":{"line":6,"column":56}},"12":{"start":{"line":13,"column":0},"end":{"line":13,"column":98}},"13":{"start":{"line":14,"column":0},"end":{"line":14,"column":68}},"15":{"start":{"line":16,"column":0},"end":{"line":16,"column":10}},"16":{"start":{"line":17,"column":0},"end":{"line":17,"column":55}},"17":{"start":{"line":18,"column":0},"end":{"line":18,"column":75}},"19":{"start":{"line":20,"column":0},"end":{"line":20,"column":55}},"20":{"start":{"line":21,"column":0},"end":{"line":21,"column":53}},"21":{"start":{"line":22,"column":0},"end":{"line":22,"column":25}},"22":{"start":{"line":23,"column":0},"end":{"line":23,"column":12}},"23":{"start":{"line":24,"column":0},"end":{"line":24,"column":37}},"24":{"start":{"line":25,"column":0},"end":{"line":25,"column":12}},"26":{"start":{"line":27,"column":0},"end":{"line":27,"column":13}},"27":{"start":{"line":28,"column":0},"end":{"line":28,"column":50}},"28":{"start":{"line":29,"column":0},"end":{"line":29,"column":24}},"29":{"start":{"line":30,"column":0},"end":{"line":30,"column":48}},"30":{"start":{"line":31,"column":0},"end":{"line":31,"column":57}},"31":{"start":{"line":32,"column":0},"end":{"line":32,"column":10}},"33":{"start":{"line":34,"column":0},"end":{"line":34,"column":25}},"34":{"start":{"line":35,"column":0},"end":{"line":35,"column":15}},"35":{"start":{"line":36,"column":0},"end":{"line":36,"column":10}},"37":{"start":{"line":38,"column":0},"end":{"line":38,"column":1}}},"s":{"0":0,"2":0,"3":0,"4":0,"5":0,"12":0,"13":0,"15":0,"16":0,"17":0,"19":0,"20":0,"21":0,"22":0,"23":0,"24":0,"26":0,"27":0,"28":0,"29":0,"30":0,"31":0,"33":0,"34":0,"35":0,"37":0},"branchMap":{"0":{"type":"branch","line":1,"loc":{"start":{"line":1,"column":0},"end":{"line":38,"column":-544}},"locations":[{"start":{"line":1,"column":0},"end":{"line":38,"column":-544}}]}},"b":{"0":[0]},"fnMap":{"0":{"name":"(empty-report)","decl":{"start":{"line":1,"column":0},"end":{"line":38,"column":-544}},"loc":{"start":{"line":1,"column":0},"end":{"line":38,"column":-544}},"line":1}},"f":{"0":0}}
,"/home/kasiliana/Documents/dev/challenge-frontend/src/components/Header/index.tsx": {"path":"/home/kasiliana/Documents/dev/challenge-frontend/src/components/Header/index.tsx","all":true,"statementMap":{"0":{"start":{"line":1,"column":0},"end":{"line":1,"column":71}},"1":{"start":{"line":2,"column":0},"end":{"line":2,"column":44}},"2":{"start":{"line":3,"column":0},"end":{"line":3,"column":40}},"3":{"start":{"line":4,"column":0},"end":{"line":4,"column":53}},"4":{"start":{"line":5,"column":0},"end":{"line":5,"column":61}},"6":{"start":{"line":7,"column":0},"end":{"line":7,"column":29}},"8":{"start":{"line":9,"column":0},"end":{"line":9,"column":55}},"9":{"start":{"line":10,"column":0},"end":{"line":10,"column":70}},"12":{"start":{"line":13,"column":0},"end":{"line":13,"column":10}},"13":{"start":{"line":14,"column":0},"end":{"line":14,"column":41}},"14":{"start":{"line":15,"column":0},"end":{"line":15,"column":49}},"15":{"start":{"line":16,"column":0},"end":{"line":16,"column":80}},"16":{"start":{"line":17,"column":0},"end":{"line":17,"column":49}},"17":{"start":{"line":18,"column":0},"end":{"line":18,"column":49}},"18":{"start":{"line":19,"column":0},"end":{"line":19,"column":28}},"19":{"start":{"line":20,"column":0},"end":{"line":20,"column":79}},"20":{"start":{"line":21,"column":0},"end":{"line":21,"column":15}},"21":{"start":{"line":22,"column":0},"end":{"line":22,"column":35}},"22":{"start":{"line":23,"column":0},"end":{"line":23,"column":36}},"23":{"start":{"line":24,"column":0},"end":{"line":24,"column":75}},"24":{"start":{"line":25,"column":0},"end":{"line":25,"column":15}},"25":{"start":{"line":26,"column":0},"end":{"line":26,"column":13}},"26":{"start":{"line":27,"column":0},"end":{"line":27,"column":12}},"27":{"start":{"line":28,"column":0},"end":{"line":28,"column":13}},"29":{"start":{"line":30,"column":0},"end":{"line":30,"column":1}}},"s":{"0":0,"1":0,"2":0,"3":0,"4":0,"6":0,"8":0,"9":0,"12":0,"13":0,"14":0,"15":0,"16":0,"17":0,"18":0,"19":0,"20":0,"21":0,"22":0,"23":0,"24":0,"25":0,"26":0,"27":0,"29":0},"branchMap":{"0":{"type":"branch","line":1,"loc":{"start":{"line":1,"column":0},"end":{"line":30,"column":-567}},"locations":[{"start":{"line":1,"column":0},"end":{"line":30,"column":-567}}]}},"b":{"0":[0]},"fnMap":{"0":{"name":"(empty-report)","decl":{"start":{"line":1,"column":0},"end":{"line":30,"column":-567}},"loc":{"start":{"line":1,"column":0},"end":{"line":30,"column":-567}},"line":1}},"f":{"0":0}}
,"/home/kasiliana/Documents/dev/challenge-frontend/src/components/ProductDetails/index.tsx": {"path":"/home/kasiliana/Documents/dev/challenge-frontend/src/components/ProductDetails/index.tsx","all":false,"statementMap":{"0":{"start":{"line":1,"column":0},"end":{"line":1,"column":66}},"1":{"start":{"line":2,"column":0},"end":{"line":2,"column":72}},"2":{"start":{"line":3,"column":0},"end":{"line":3,"column":40}},"4":{"start":{"line":5,"column":0},"end":{"line":5,"column":32}},"5":{"start":{"line":6,"column":0},"end":{"line":6,"column":8}},"6":{"start":{"line":7,"column":0},"end":{"line":7,"column":16}},"7":{"start":{"line":8,"column":0},"end":{"line":8,"column":12}},"8":{"start":{"line":9,"column":0},"end":{"line":9,"column":29}},"9":{"start":{"line":10,"column":0},"end":{"line":10,"column":32}},"11":{"start":{"line":12,"column":0},"end":{"line":12,"column":69}},"12":{"start":{"line":13,"column":0},"end":{"line":13,"column":61}},"13":{"start":{"line":14,"column":0},"end":{"line":14,"column":81}},"15":{"start":{"line":16,"column":0},"end":{"line":16,"column":10}},"16":{"start":{"line":17,"column":0},"end":{"line":17,"column":44}},"17":{"start":{"line":18,"column":0},"end":{"line":18,"column":75}},"18":{"start":{"line":19,"column":0},"end":{"line":19,"column":49}},"19":{"start":{"line":20,"column":0},"end":{"line":20,"column":77}},"20":{"start":{"line":21,"column":0},"end":{"line":21,"column":37}},"21":{"start":{"line":22,"column":0},"end":{"line":22,"column":12}},"22":{"start":{"line":23,"column":0},"end":{"line":23,"column":92}},"23":{"start":{"line":24,"column":0},"end":{"line":24,"column":33}},"24":{"start":{"line":25,"column":0},"end":{"line":25,"column":12}},"25":{"start":{"line":26,"column":0},"end":{"line":26,"column":43}},"26":{"start":{"line":27,"column":0},"end":{"line":27,"column":21}},"27":{"start":{"line":28,"column":0},"end":{"line":28,"column":44}},"28":{"start":{"line":29,"column":0},"end":{"line":29,"column":40}},"29":{"start":{"line":30,"column":0},"end":{"line":30,"column":17}},"30":{"start":{"line":31,"column":0},"end":{"line":31,"column":24}},"31":{"start":{"line":32,"column":0},"end":{"line":32,"column":12}},"32":{"start":{"line":33,"column":0},"end":{"line":33,"column":12}},"33":{"start":{"line":34,"column":0},"end":{"line":34,"column":10}},"35":{"start":{"line":36,"column":0},"end":{"line":36,"column":1}}},"s":{"0":1,"1":1,"2":1,"4":1,"5":9,"6":9,"7":9,"8":9,"9":9,"11":9,"12":9,"13":9,"15":9,"16":9,"17":9,"18":9,"19":9,"20":9,"21":9,"22":9,"23":9,"24":9,"25":9,"26":9,"27":9,"28":9,"29":9,"30":9,"31":9,"32":9,"33":9,"35":9},"branchMap":{"0":{"type":"branch","line":5,"loc":{"start":{"line":5,"column":30},"end":{"line":36,"column":1}},"locations":[{"start":{"line":5,"column":30},"end":{"line":36,"column":1}}]}},"b":{"0":[9]},"fnMap":{"0":{"name":"ProductDetails","decl":{"start":{"line":5,"column":30},"end":{"line":36,"column":1}},"loc":{"start":{"line":5,"column":30},"end":{"line":36,"column":1}},"line":5}},"f":{"0":9}}
,"/home/kasiliana/Documents/dev/challenge-frontend/src/components/Products/index.tsx": {"path":"/home/kasiliana/Documents/dev/challenge-frontend/src/components/Products/index.tsx","all":false,"statementMap":{"0":{"start":{"line":1,"column":0},"end":{"line":1,"column":44}},"1":{"start":{"line":2,"column":0},"end":{"line":2,"column":54}},"2":{"start":{"line":3,"column":0},"end":{"line":3,"column":44}},"3":{"start":{"line":4,"column":0},"end":{"line":4,"column":40}},"4":{"start":{"line":5,"column":0},"end":{"line":5,"column":55}},"5":{"start":{"line":6,"column":0},"end":{"line":6,"column":53}},"7":{"start":{"line":8,"column":0},"end":{"line":8,"column":61}},"9":{"start":{"line":10,"column":0},"end":{"line":10,"column":31}},"11":{"start":{"line":12,"column":0},"end":{"line":12,"column":62}},"12":{"start":{"line":13,"column":0},"end":{"line":13,"column":83}},"14":{"start":{"line":15,"column":0},"end":{"line":15,"column":67}},"15":{"start":{"line":16,"column":0},"end":{"line":16,"column":23}},"16":{"start":{"line":17,"column":0},"end":{"line":17,"column":52}},"17":{"start":{"line":18,"column":0},"end":{"line":18,"column":18}},"19":{"start":{"line":20,"column":0},"end":{"line":20,"column":67}},"20":{"start":{"line":21,"column":0},"end":{"line":21,"column":37}},"21":{"start":{"line":22,"column":0},"end":{"line":22,"column":50}},"22":{"start":{"line":23,"column":0},"end":{"line":23,"column":30}},"24":{"start":{"line":25,"column":0},"end":{"line":25,"column":72}},"25":{"start":{"line":26,"column":0},"end":{"line":26,"column":35}},"26":{"start":{"line":27,"column":0},"end":{"line":27,"column":53}},"27":{"start":{"line":28,"column":0},"end":{"line":28,"column":18}},"29":{"start":{"line":30,"column":0},"end":{"line":30,"column":72}},"30":{"start":{"line":31,"column":0},"end":{"line":31,"column":42}},"31":{"start":{"line":32,"column":0},"end":{"line":32,"column":52}},"32":{"start":{"line":33,"column":0},"end":{"line":33,"column":30}},"34":{"start":{"line":35,"column":0},"end":{"line":35,"column":42}},"35":{"start":{"line":36,"column":0},"end":{"line":36,"column":42}},"36":{"start":{"line":37,"column":0},"end":{"line":37,"column":14}},"37":{"start":{"line":38,"column":0},"end":{"line":38,"column":20}},"38":{"start":{"line":39,"column":0},"end":{"line":39,"column":26}},"39":{"start":{"line":40,"column":0},"end":{"line":40,"column":27}},"40":{"start":{"line":41,"column":0},"end":{"line":41,"column":43}},"41":{"start":{"line":42,"column":0},"end":{"line":42,"column":53}},"42":{"start":{"line":43,"column":0},"end":{"line":43,"column":53}},"43":{"start":{"line":44,"column":0},"end":{"line":44,"column":63}},"44":{"start":{"line":45,"column":0},"end":{"line":45,"column":10}},"46":{"start":{"line":47,"column":0},"end":{"line":47,"column":7}},"47":{"start":{"line":48,"column":0},"end":{"line":48,"column":19}},"48":{"start":{"line":49,"column":0},"end":{"line":49,"column":20}},"49":{"start":{"line":50,"column":0},"end":{"line":50,"column":25}},"50":{"start":{"line":51,"column":0},"end":{"line":51,"column":30}},"51":{"start":{"line":52,"column":0},"end":{"line":52,"column":27}},"54":{"start":{"line":55,"column":0},"end":{"line":55,"column":10}},"55":{"start":{"line":56,"column":0},"end":{"line":56,"column":50}},"56":{"start":{"line":57,"column":0},"end":{"line":57,"column":24}},"57":{"start":{"line":58,"column":0},"end":{"line":58,"column":10}},"59":{"start":{"line":60,"column":0},"end":{"line":60,"column":1}}},"s":{"0":1,"1":1,"2":1,"3":1,"4":1,"5":1,"7":1,"9":1,"11":5,"12":5,"14":5,"15":1,"16":1,"17":5,"19":5,"20":0,"21":0,"22":5,"24":5,"25":1,"26":1,"27":5,"29":5,"30":0,"31":0,"32":5,"34":5,"35":3,"36":9,"37":9,"38":9,"39":9,"40":9,"41":9,"42":9,"43":9,"44":9,"46":3,"47":5,"48":5,"49":5,"50":5,"51":5,"54":5,"55":5,"56":5,"57":5,"59":5},"branchMap":{"0":{"type":"branch","line":10,"loc":{"start":{"line":10,"column":24},"end":{"line":60,"column":1}},"locations":[{"start":{"line":10,"column":24},"end":{"line":60,"column":1}}]},"1":{"type":"branch","line":15,"loc":{"start":{"line":15,"column":38},"end":{"line":18,"column":5}},"locations":[{"start":{"line":15,"column":38},"end":{"line":18,"column":5}}]},"2":{"type":"branch","line":25,"loc":{"start":{"line":25,"column":43},"end":{"line":28,"column":5}},"locations":[{"start":{"line":25,"column":43},"end":{"line":28,"column":5}}]},"3":{"type":"branch","line":35,"loc":{"start":{"line":35,"column":35},"end":{"line":48,"column":5}},"locations":[{"start":{"line":35,"column":35},"end":{"line":48,"column":5}}]},"4":{"type":"branch","line":36,"loc":{"start":{"line":36,"column":28},"end":{"line":47,"column":5}},"locations":[{"start":{"line":36,"column":28},"end":{"line":47,"column":5}}]}},"b":{"0":[5],"1":[1],"2":[1],"3":[3],"4":[9]},"fnMap":{"0":{"name":"Products","decl":{"start":{"line":10,"column":24},"end":{"line":60,"column":1}},"loc":{"start":{"line":10,"column":24},"end":{"line":60,"column":1}},"line":10}},"f":{"0":5}}
,"/home/kasiliana/Documents/dev/challenge-frontend/src/mock/productsMock.ts": {"path":"/home/kasiliana/Documents/dev/challenge-frontend/src/mock/productsMock.ts","all":false,"statementMap":{"2":{"start":{"line":3,"column":0},"end":{"line":3,"column":45}},"3":{"start":{"line":4,"column":0},"end":{"line":4,"column":3}},"4":{"start":{"line":5,"column":0},"end":{"line":5,"column":51}},"5":{"start":{"line":6,"column":0},"end":{"line":6,"column":121}},"6":{"start":{"line":7,"column":0},"end":{"line":7,"column":26}},"7":{"start":{"line":8,"column":0},"end":{"line":8,"column":22}},"8":{"start":{"line":9,"column":0},"end":{"line":9,"column":36}},"9":{"start":{"line":10,"column":0},"end":{"line":10,"column":4}},"10":{"start":{"line":11,"column":0},"end":{"line":11,"column":3}},"11":{"start":{"line":12,"column":0},"end":{"line":12,"column":51}},"12":{"start":{"line":13,"column":0},"end":{"line":13,"column":101}},"13":{"start":{"line":14,"column":0},"end":{"line":14,"column":27}},"14":{"start":{"line":15,"column":0},"end":{"line":15,"column":23}},"15":{"start":{"line":16,"column":0},"end":{"line":16,"column":35}},"16":{"start":{"line":17,"column":0},"end":{"line":17,"column":4}},"18":{"start":{"line":19,"column":0},"end":{"line":19,"column":3}},"19":{"start":{"line":20,"column":0},"end":{"line":20,"column":51}},"20":{"start":{"line":21,"column":0},"end":{"line":21,"column":123}},"21":{"start":{"line":22,"column":0},"end":{"line":22,"column":27}},"22":{"start":{"line":23,"column":0},"end":{"line":23,"column":23}},"23":{"start":{"line":24,"column":0},"end":{"line":24,"column":35}},"24":{"start":{"line":25,"column":0},"end":{"line":25,"column":4}},"25":{"start":{"line":26,"column":0},"end":{"line":26,"column":2}}},"s":{"2":1,"3":1,"4":1,"5":1,"6":1,"7":1,"8":1,"9":1,"10":1,"11":1,"12":1,"13":1,"14":1,"15":1,"16":1,"18":1,"19":1,"20":1,"21":1,"22":1,"23":1,"24":1,"25":1},"branchMap":{},"b":{},"fnMap":{},"f":{}}
,"/home/kasiliana/Documents/dev/challenge-frontend/src/mock/testProduct.ts": {"path":"/home/kasiliana/Documents/dev/challenge-frontend/src/mock/testProduct.ts","all":true,"statementMap":{"2":{"start":{"line":3,"column":0},"end":{"line":3,"column":89}},"3":{"start":{"line":4,"column":0},"end":{"line":4,"column":26}},"4":{"start":{"line":5,"column":0},"end":{"line":5,"column":32}},"5":{"start":{"line":6,"column":0},"end":{"line":6,"column":79}},"6":{"start":{"line":7,"column":0},"end":{"line":7,"column":76}},"7":{"start":{"line":8,"column":0},"end":{"line":8,"column":33}},"8":{"start":{"line":9,"column":0},"end":{"line":9,"column":4}}},"s":{"2":0,"3":0,"4":0,"5":0,"6":0,"7":0,"8":0},"branchMap":{"0":{"type":"branch","line":1,"loc":{"start":{"line":1,"column":396},"end":{"line":9,"column":4}},"locations":[{"start":{"line":1,"column":396},"end":{"line":9,"column":4}}]}},"b":{"0":[1]},"fnMap":{"0":{"name":"(empty-report)","decl":{"start":{"line":1,"column":396},"end":{"line":9,"column":4}},"loc":{"start":{"line":1,"column":396},"end":{"line":9,"column":4}},"line":1}},"f":{"0":1}}
,"/home/kasiliana/Documents/dev/challenge-frontend/src/stores/cartStore.ts": {"path":"/home/kasiliana/Documents/dev/challenge-frontend/src/stores/cartStore.ts","all":false,"statementMap":{"0":{"start":{"line":1,"column":0},"end":{"line":1,"column":33}},"1":{"start":{"line":2,"column":0},"end":{"line":2,"column":64}},"5":{"start":{"line":6,"column":0},"end":{"line":6,"column":53}},"6":{"start":{"line":7,"column":0},"end":{"line":7,"column":10}},"7":{"start":{"line":8,"column":0},"end":{"line":8,"column":19}},"8":{"start":{"line":9,"column":0},"end":{"line":9,"column":46}},"9":{"start":{"line":10,"column":0},"end":{"line":10,"column":31}},"10":{"start":{"line":11,"column":0},"end":{"line":11,"column":65}},"11":{"start":{"line":12,"column":0},"end":{"line":12,"column":74}},"12":{"start":{"line":13,"column":0},"end":{"line":13,"column":14}},"14":{"start":{"line":15,"column":0},"end":{"line":15,"column":65}},"15":{"start":{"line":16,"column":0},"end":{"line":16,"column":47}},"16":{"start":{"line":17,"column":0},"end":{"line":17,"column":14}},"18":{"start":{"line":19,"column":0},"end":{"line":19,"column":74}},"19":{"start":{"line":20,"column":0},"end":{"line":20,"column":8}},"21":{"start":{"line":22,"column":0},"end":{"line":22,"column":14}},"22":{"start":{"line":23,"column":0},"end":{"line":23,"column":17}},"23":{"start":{"line":24,"column":0},"end":{"line":24,"column":30}},"24":{"start":{"line":25,"column":0},"end":{"line":25,"column":24}},"25":{"start":{"line":26,"column":0},"end":{"line":26,"column":29}},"27":{"start":{"line":28,"column":0},"end":{"line":28,"column":33}},"28":{"start":{"line":29,"column":0},"end":{"line":29,"column":26}},"29":{"start":{"line":30,"column":0},"end":{"line":30,"column":93}},"31":{"start":{"line":32,"column":0},"end":{"line":32,"column":41}},"32":{"start":{"line":33,"column":0},"end":{"line":33,"column":22}},"33":{"start":{"line":34,"column":0},"end":{"line":34,"column":46}},"34":{"start":{"line":35,"column":0},"end":{"line":35,"column":40}},"35":{"start":{"line":36,"column":0},"end":{"line":36,"column":62}},"36":{"start":{"line":37,"column":0},"end":{"line":37,"column":26}},"37":{"start":{"line":38,"column":0},"end":{"line":38,"column":18}},"38":{"start":{"line":39,"column":0},"end":{"line":39,"column":16}},"39":{"start":{"line":40,"column":0},"end":{"line":40,"column":13}},"41":{"start":{"line":42,"column":0},"end":{"line":42,"column":20}},"42":{"start":{"line":43,"column":0},"end":{"line":43,"column":65}},"43":{"start":{"line":44,"column":0},"end":{"line":44,"column":14}},"44":{"start":{"line":45,"column":0},"end":{"line":45,"column":13}},"46":{"start":{"line":47,"column":0},"end":{"line":47,"column":37}},"47":{"start":{"line":48,"column":0},"end":{"line":48,"column":10}},"49":{"start":{"line":50,"column":0},"end":{"line":50,"column":47}},"50":{"start":{"line":51,"column":0},"end":{"line":51,"column":26}},"51":{"start":{"line":52,"column":0},"end":{"line":52,"column":83}},"52":{"start":{"line":53,"column":0},"end":{"line":53,"column":41}},"53":{"start":{"line":54,"column":0},"end":{"line":54,"column":13}},"55":{"start":{"line":56,"column":0},"end":{"line":56,"column":38}},"56":{"start":{"line":57,"column":0},"end":{"line":57,"column":10}},"58":{"start":{"line":59,"column":0},"end":{"line":59,"column":49}},"59":{"start":{"line":60,"column":0},"end":{"line":60,"column":26}},"60":{"start":{"line":61,"column":0},"end":{"line":61,"column":42}},"61":{"start":{"line":62,"column":0},"end":{"line":62,"column":31}},"62":{"start":{"line":63,"column":0},"end":{"line":63,"column":40}},"63":{"start":{"line":64,"column":0},"end":{"line":64,"column":66}},"64":{"start":{"line":65,"column":0},"end":{"line":65,"column":27}},"65":{"start":{"line":66,"column":0},"end":{"line":66,"column":15}},"66":{"start":{"line":67,"column":0},"end":{"line":67,"column":57}},"68":{"start":{"line":69,"column":0},"end":{"line":69,"column":41}},"69":{"start":{"line":70,"column":0},"end":{"line":70,"column":13}},"71":{"start":{"line":72,"column":0},"end":{"line":72,"column":37}},"72":{"start":{"line":73,"column":0},"end":{"line":73,"column":10}},"74":{"start":{"line":75,"column":0},"end":{"line":75,"column":26}},"75":{"start":{"line":76,"column":0},"end":{"line":76,"column":28}},"76":{"start":{"line":77,"column":0},"end":{"line":77,"column":48}},"77":{"start":{"line":78,"column":0},"end":{"line":78,"column":10}},"79":{"start":{"line":80,"column":0},"end":{"line":80,"column":33}},"81":{"start":{"line":82,"column":0},"end":{"line":82,"column":27}},"82":{"start":{"line":83,"column":0},"end":{"line":83,"column":69}},"83":{"start":{"line":84,"column":0},"end":{"line":84,"column":10}},"85":{"start":{"line":86,"column":0},"end":{"line":86,"column":41}},"86":{"start":{"line":87,"column":0},"end":{"line":87,"column":30}},"87":{"start":{"line":88,"column":0},"end":{"line":88,"column":64}},"88":{"start":{"line":89,"column":0},"end":{"line":89,"column":10}},"89":{"start":{"line":90,"column":0},"end":{"line":90,"column":8}},"90":{"start":{"line":91,"column":0},"end":{"line":91,"column":6}},"91":{"start":{"line":92,"column":0},"end":{"line":92,"column":5}},"92":{"start":{"line":93,"column":0},"end":{"line":93,"column":24}},"93":{"start":{"line":94,"column":0},"end":{"line":94,"column":53}},"94":{"start":{"line":95,"column":0},"end":{"line":95,"column":5}},"95":{"start":{"line":96,"column":0},"end":{"line":96,"column":3}},"96":{"start":{"line":97,"column":0},"end":{"line":97,"column":2}}},"s":{"0":1,"1":1,"5":1,"6":1,"7":1,"8":1,"9":1,"10":1,"11":1,"12":1,"14":1,"15":1,"16":1,"18":1,"19":1,"21":1,"22":1,"23":1,"24":1,"25":1,"27":1,"28":1,"29":1,"31":1,"32":0,"33":0,"34":0,"35":0,"36":0,"37":0,"38":0,"39":0,"41":1,"42":1,"43":1,"44":1,"46":1,"47":1,"49":1,"50":0,"51":0,"52":0,"53":0,"55":0,"56":0,"58":1,"59":0,"60":0,"61":0,"62":0,"63":0,"64":0,"65":0,"66":0,"68":0,"69":0,"71":0,"72":0,"74":1,"75":0,"76":0,"77":0,"79":1,"81":1,"82":0,"83":0,"85":1,"86":12,"87":12,"88":12,"89":1,"90":1,"91":1,"92":1,"93":1,"94":1,"95":1,"96":1},"branchMap":{"0":{"type":"branch","line":8,"loc":{"start":{"line":8,"column":4},"end":{"line":91,"column":6}},"locations":[{"start":{"line":8,"column":4},"end":{"line":91,"column":6}}]},"1":{"type":"branch","line":9,"loc":{"start":{"line":9,"column":39},"end":{"line":20,"column":8}},"locations":[{"start":{"line":9,"column":39},"end":{"line":20,"column":8}}]},"2":{"type":"branch","line":11,"loc":{"start":{"line":11,"column":39},"end":{"line":13,"column":11}},"locations":[{"start":{"line":11,"column":39},"end":{"line":13,"column":11}}]},"3":{"type":"branch","line":15,"loc":{"start":{"line":15,"column":39},"end":{"line":17,"column":11}},"locations":[{"start":{"line":15,"column":39},"end":{"line":17,"column":11}}]},"4":{"type":"branch","line":28,"loc":{"start":{"line":28,"column":19},"end":{"line":48,"column":10}},"locations":[{"start":{"line":28,"column":19},"end":{"line":48,"column":10}}]},"5":{"type":"branch","line":29,"loc":{"start":{"line":29,"column":14},"end":{"line":45,"column":11}},"locations":[{"start":{"line":29,"column":14},"end":{"line":45,"column":11}}]},"6":{"type":"branch","line":32,"loc":{"start":{"line":32,"column":40},"end":{"line":40,"column":13}},"locations":[{"start":{"line":32,"column":40},"end":{"line":40,"column":13}}]},"7":{"type":"branch","line":86,"loc":{"start":{"line":86,"column":25},"end":{"line":89,"column":10}},"locations":[{"start":{"line":86,"column":25},"end":{"line":89,"column":10}}]},"8":{"type":"branch","line":88,"loc":{"start":{"line":88,"column":33},"end":{"line":88,"column":62}},"locations":[{"start":{"line":88,"column":33},"end":{"line":88,"column":62}}]},"9":{"type":"branch","line":94,"loc":{"start":{"line":94,"column":33},"end":{"line":94,"column":51}},"locations":[{"start":{"line":94,"column":33},"end":{"line":94,"column":51}}]}},"b":{"0":[1],"1":[1],"2":[1],"3":[1],"4":[1],"5":[1],"6":[0],"7":[12],"8":[6],"9":[1]},"fnMap":{"0":{"name":"__vite_ssr_import_0__.create.__vite_ssr_import_1__.persist.name","decl":{"start":{"line":8,"column":4},"end":{"line":91,"column":6}},"loc":{"start":{"line":8,"column":4},"end":{"line":91,"column":6}},"line":8},"1":{"name":"updateTotalPriceAndCount","decl":{"start":{"line":9,"column":39},"end":{"line":20,"column":8}},"loc":{"start":{"line":9,"column":39},"end":{"line":20,"column":8}},"line":9},"2":{"name":"addToCart","decl":{"start":{"line":28,"column":19},"end":{"line":48,"column":10}},"loc":{"start":{"line":28,"column":19},"end":{"line":48,"column":10}},"line":28},"3":{"name":"removeProductFromCart","decl":{"start":{"line":50,"column":31},"end":{"line":57,"column":10}},"loc":{"start":{"line":50,"column":31},"end":{"line":57,"column":10}},"line":50},"4":{"name":"decreaseProductQuantity","decl":{"start":{"line":59,"column":33},"end":{"line":73,"column":10}},"loc":{"start":{"line":59,"column":33},"end":{"line":73,"column":10}},"line":59},"5":{"name":"clearCart","decl":{"start":{"line":75,"column":19},"end":{"line":78,"column":10}},"loc":{"start":{"line":75,"column":19},"end":{"line":78,"column":10}},"line":75},"6":{"name":"toggleCart","decl":{"start":{"line":82,"column":20},"end":{"line":84,"column":10}},"loc":{"start":{"line":82,"column":20},"end":{"line":84,"column":10}},"line":82},"7":{"name":"isProductInCart","decl":{"start":{"line":86,"column":25},"end":{"line":89,"column":10}},"loc":{"start":{"line":86,"column":25},"end":{"line":89,"column":10}},"line":86}},"f":{"0":1,"1":1,"2":1,"3":0,"4":0,"5":0,"6":0,"7":12}}
,"/home/kasiliana/Documents/dev/challenge-frontend/src/stores/favoriteStore.ts": {"path":"/home/kasiliana/Documents/dev/challenge-frontend/src/stores/favoriteStore.ts","all":false,"statementMap":{"0":{"start":{"line":1,"column":0},"end":{"line":1,"column":33}},"1":{"start":{"line":2,"column":0},"end":{"line":2,"column":64}},"5":{"start":{"line":6,"column":0},"end":{"line":6,"column":61}},"6":{"start":{"line":7,"column":0},"end":{"line":7,"column":10}},"7":{"start":{"line":8,"column":0},"end":{"line":8,"column":20}},"8":{"start":{"line":9,"column":0},"end":{"line":9,"column":20}},"9":{"start":{"line":10,"column":0},"end":{"line":10,"column":23}},"11":{"start":{"line":12,"column":0},"end":{"line":12,"column":43}},"12":{"start":{"line":13,"column":0},"end":{"line":13,"column":24}},"13":{"start":{"line":14,"column":0},"end":{"line":14,"column":94}},"14":{"start":{"line":15,"column":0},"end":{"line":15,"column":38}},"15":{"start":{"line":16,"column":0},"end":{"line":16,"column":64}},"16":{"start":{"line":17,"column":0},"end":{"line":17,"column":11}},"17":{"start":{"line":18,"column":0},"end":{"line":18,"column":23}},"18":{"start":{"line":19,"column":0},"end":{"line":19,"column":11}},"19":{"start":{"line":20,"column":0},"end":{"line":20,"column":8}},"21":{"start":{"line":22,"column":0},"end":{"line":22,"column":50}},"22":{"start":{"line":23,"column":0},"end":{"line":23,"column":25}},"23":{"start":{"line":24,"column":0},"end":{"line":24,"column":77}},"24":{"start":{"line":25,"column":0},"end":{"line":25,"column":12}},"25":{"start":{"line":26,"column":0},"end":{"line":26,"column":8}},"27":{"start":{"line":28,"column":0},"end":{"line":28,"column":39}},"28":{"start":{"line":29,"column":0},"end":{"line":29,"column":58}},"29":{"start":{"line":30,"column":0},"end":{"line":30,"column":8}},"31":{"start":{"line":32,"column":0},"end":{"line":32,"column":29}},"32":{"start":{"line":33,"column":0},"end":{"line":33,"column":31}},"33":{"start":{"line":34,"column":0},"end":{"line":34,"column":8}},"35":{"start":{"line":36,"column":0},"end":{"line":36,"column":44}},"36":{"start":{"line":37,"column":0},"end":{"line":37,"column":28}},"37":{"start":{"line":38,"column":0},"end":{"line":38,"column":67}},"38":{"start":{"line":39,"column":0},"end":{"line":39,"column":8}},"40":{"start":{"line":41,"column":0},"end":{"line":41,"column":7}},"41":{"start":{"line":42,"column":0},"end":{"line":42,"column":5}},"42":{"start":{"line":43,"column":0},"end":{"line":43,"column":33}},"43":{"start":{"line":44,"column":0},"end":{"line":44,"column":54}},"44":{"start":{"line":45,"column":0},"end":{"line":45,"column":5}},"45":{"start":{"line":46,"column":0},"end":{"line":46,"column":3}},"46":{"start":{"line":47,"column":0},"end":{"line":47,"column":2}}},"s":{"0":1,"1":1,"5":1,"6":1,"7":1,"8":1,"9":1,"11":1,"12":1,"13":1,"14":1,"15":1,"16":1,"17":0,"18":1,"19":1,"21":1,"22":0,"23":0,"24":0,"25":0,"27":1,"28":0,"29":0,"31":1,"32":0,"33":0,"35":1,"36":12,"37":12,"38":12,"40":1,"41":1,"42":1,"43":1,"44":1,"45":1,"46":1},"branchMap":{"0":{"type":"branch","line":8,"loc":{"start":{"line":8,"column":4},"end":{"line":41,"column":7}},"locations":[{"start":{"line":8,"column":4},"end":{"line":41,"column":7}}]},"1":{"type":"branch","line":12,"loc":{"start":{"line":12,"column":29},"end":{"line":20,"column":8}},"locations":[{"start":{"line":12,"column":29},"end":{"line":20,"column":8}}]},"2":{"type":"branch","line":13,"loc":{"start":{"line":13,"column":12},"end":{"line":19,"column":9}},"locations":[{"start":{"line":13,"column":12},"end":{"line":19,"column":9}}]},"3":{"type":"branch","line":17,"loc":{"start":{"line":17,"column":10},"end":{"line":18,"column":23}},"locations":[{"start":{"line":17,"column":10},"end":{"line":18,"column":23}}]},"4":{"type":"branch","line":36,"loc":{"start":{"line":36,"column":28},"end":{"line":39,"column":8}},"locations":[{"start":{"line":36,"column":28},"end":{"line":39,"column":8}}]},"5":{"type":"branch","line":38,"loc":{"start":{"line":38,"column":36},"end":{"line":38,"column":65}},"locations":[{"start":{"line":38,"column":36},"end":{"line":38,"column":65}}]},"6":{"type":"branch","line":44,"loc":{"start":{"line":44,"column":33},"end":{"line":44,"column":51}},"locations":[{"start":{"line":44,"column":33},"end":{"line":44,"column":51}}]}},"b":{"0":[1],"1":[1],"2":[1],"3":[0],"4":[12],"5":[3],"6":[1]},"fnMap":{"0":{"name":"__vite_ssr_import_0__.create.__vite_ssr_import_1__.persist.name","decl":{"start":{"line":8,"column":4},"end":{"line":41,"column":7}},"loc":{"start":{"line":8,"column":4},"end":{"line":41,"column":7}},"line":8},"1":{"name":"addProductToFavorites","decl":{"start":{"line":12,"column":29},"end":{"line":20,"column":8}},"loc":{"start":{"line":12,"column":29},"end":{"line":20,"column":8}},"line":12},"2":{"name":"removeProductFromFavorites","decl":{"start":{"line":22,"column":34},"end":{"line":26,"column":8}},"loc":{"start":{"line":22,"column":34},"end":{"line":26,"column":8}},"line":22},"3":{"name":"toggleFavoriteVisibility","decl":{"start":{"line":28,"column":32},"end":{"line":30,"column":8}},"loc":{"start":{"line":28,"column":32},"end":{"line":30,"column":8}},"line":28},"4":{"name":"clearFavorites","decl":{"start":{"line":32,"column":22},"end":{"line":34,"column":8}},"loc":{"start":{"line":32,"column":22},"end":{"line":34,"column":8}},"line":32},"5":{"name":"isProductInFavorites","decl":{"start":{"line":36,"column":28},"end":{"line":39,"column":8}},"loc":{"start":{"line":36,"column":28},"end":{"line":39,"column":8}},"line":36}},"f":{"0":1,"1":1,"2":0,"3":0,"4":0,"5":12}}
,"/home/kasiliana/Documents/dev/challenge-frontend/src/stores/types/index.ts": {"path":"/home/kasiliana/Documents/dev/challenge-frontend/src/stores/types/index.ts","all":true,"statementMap":{},"s":{},"branchMap":{"0":{"type":"branch","line":1,"loc":{"start":{"line":1,"column":863},"end":{"line":26,"column":1}},"locations":[{"start":{"line":1,"column":863},"end":{"line":26,"column":1}}]}},"b":{"0":[1]},"fnMap":{"0":{"name":"(empty-report)","decl":{"start":{"line":1,"column":863},"end":{"line":26,"column":1}},"loc":{"start":{"line":1,"column":863},"end":{"line":26,"column":1}},"line":1}},"f":{"0":1}}
,"/home/kasiliana/Documents/dev/challenge-frontend/src/types/cardButton.ts": {"path":"/home/kasiliana/Documents/dev/challenge-frontend/src/types/cardButton.ts","all":true,"statementMap":{},"s":{},"branchMap":{"0":{"type":"branch","line":1,"loc":{"start":{"line":1,"column":232},"end":{"line":8,"column":1}},"locations":[{"start":{"line":1,"column":232},"end":{"line":8,"column":1}}]}},"b":{"0":[1]},"fnMap":{"0":{"name":"(empty-report)","decl":{"start":{"line":1,"column":232},"end":{"line":8,"column":1}},"loc":{"start":{"line":1,"column":232},"end":{"line":8,"column":1}},"line":1}},"f":{"0":1}}
,"/home/kasiliana/Documents/dev/challenge-frontend/src/types/cardProduct.ts": {"path":"/home/kasiliana/Documents/dev/challenge-frontend/src/types/cardProduct.ts","all":true,"statementMap":{},"s":{},"branchMap":{"0":{"type":"branch","line":1,"loc":{"start":{"line":1,"column":329},"end":{"line":9,"column":1}},"locations":[{"start":{"line":1,"column":329},"end":{"line":9,"column":1}}]}},"b":{"0":[1]},"fnMap":{"0":{"name":"(empty-report)","decl":{"start":{"line":1,"column":329},"end":{"line":9,"column":1}},"loc":{"start":{"line":1,"column":329},"end":{"line":9,"column":1}},"line":1}},"f":{"0":1}}
,"/home/kasiliana/Documents/dev/challenge-frontend/src/types/cart.ts": {"path":"/home/kasiliana/Documents/dev/challenge-frontend/src/types/cart.ts","all":true,"statementMap":{},"s":{},"branchMap":{"0":{"type":"branch","line":1,"loc":{"start":{"line":1,"column":111},"end":{"line":5,"column":1}},"locations":[{"start":{"line":1,"column":111},"end":{"line":5,"column":1}}]}},"b":{"0":[1]},"fnMap":{"0":{"name":"(empty-report)","decl":{"start":{"line":1,"column":111},"end":{"line":5,"column":1}},"loc":{"start":{"line":1,"column":111},"end":{"line":5,"column":1}},"line":1}},"f":{"0":1}}
,"/home/kasiliana/Documents/dev/challenge-frontend/src/types/cartItem.ts": {"path":"/home/kasiliana/Documents/dev/challenge-frontend/src/types/cartItem.ts","all":true,"statementMap":{},"s":{},"branchMap":{"0":{"type":"branch","line":1,"loc":{"start":{"line":1,"column":289},"end":{"line":9,"column":1}},"locations":[{"start":{"line":1,"column":289},"end":{"line":9,"column":1}}]}},"b":{"0":[1]},"fnMap":{"0":{"name":"(empty-report)","decl":{"start":{"line":1,"column":289},"end":{"line":9,"column":1}},"loc":{"start":{"line":1,"column":289},"end":{"line":9,"column":1}},"line":1}},"f":{"0":1}}
,"/home/kasiliana/Documents/dev/challenge-frontend/src/types/favoriteProduct.ts": {"path":"/home/kasiliana/Documents/dev/challenge-frontend/src/types/favoriteProduct.ts","all":true,"statementMap":{},"s":{},"branchMap":{"0":{"type":"branch","line":1,"loc":{"start":{"line":1,"column":233},"end":{"line":7,"column":1}},"locations":[{"start":{"line":1,"column":233},"end":{"line":7,"column":1}}]}},"b":{"0":[1]},"fnMap":{"0":{"name":"(empty-report)","decl":{"start":{"line":1,"column":233},"end":{"line":7,"column":1}},"loc":{"start":{"line":1,"column":233},"end":{"line":7,"column":1}},"line":1}},"f":{"0":1}}
,"/home/kasiliana/Documents/dev/challenge-frontend/src/types/product.ts": {"path":"/home/kasiliana/Documents/dev/challenge-frontend/src/types/product.ts","all":true,"statementMap":{},"s":{},"branchMap":{"0":{"type":"branch","line":1,"loc":{"start":{"line":1,"column":128},"end":{"line":7,"column":1}},"locations":[{"start":{"line":1,"column":128},"end":{"line":7,"column":1}}]}},"b":{"0":[1]},"fnMap":{"0":{"name":"(empty-report)","decl":{"start":{"line":1,"column":128},"end":{"line":7,"column":1}},"loc":{"start":{"line":1,"column":128},"end":{"line":7,"column":1}},"line":1}},"f":{"0":1}}
,"/home/kasiliana/Documents/dev/challenge-frontend/src/types/productButton.ts": {"path":"/home/kasiliana/Documents/dev/challenge-frontend/src/types/productButton.ts","all":true,"statementMap":{},"s":{},"branchMap":{"0":{"type":"branch","line":1,"loc":{"start":{"line":1,"column":111},"end":{"line":5,"column":1}},"locations":[{"start":{"line":1,"column":111},"end":{"line":5,"column":1}}]}},"b":{"0":[1]},"fnMap":{"0":{"name":"(empty-report)","decl":{"start":{"line":1,"column":111},"end":{"line":5,"column":1}},"loc":{"start":{"line":1,"column":111},"end":{"line":5,"column":1}},"line":1}},"f":{"0":1}}
,"/home/kasiliana/Documents/dev/challenge-frontend/src/types/productDetails.ts": {"path":"/home/kasiliana/Documents/dev/challenge-frontend/src/types/productDetails.ts","all":true,"statementMap":{},"s":{},"branchMap":{"0":{"type":"branch","line":1,"loc":{"start":{"line":1,"column":104},"end":{"line":5,"column":1}},"locations":[{"start":{"line":1,"column":104},"end":{"line":5,"column":1}}]}},"b":{"0":[1]},"fnMap":{"0":{"name":"(empty-report)","decl":{"start":{"line":1,"column":104},"end":{"line":5,"column":1}},"loc":{"start":{"line":1,"column":104},"end":{"line":5,"column":1}},"line":1}},"f":{"0":1}}
,"/home/kasiliana/Documents/dev/challenge-frontend/src/utils/formatToLocaleString.ts": {"path":"/home/kasiliana/Documents/dev/challenge-frontend/src/utils/formatToLocaleString.ts","all":false,"statementMap":{"0":{"start":{"line":1,"column":0},"end":{"line":1,"column":53}},"1":{"start":{"line":2,"column":0},"end":{"line":2,"column":40}},"2":{"start":{"line":3,"column":0},"end":{"line":3,"column":21}},"3":{"start":{"line":4,"column":0},"end":{"line":4,"column":29}},"4":{"start":{"line":5,"column":0},"end":{"line":5,"column":5}},"5":{"start":{"line":6,"column":0},"end":{"line":6,"column":1}}},"s":{"0":1,"1":27,"2":27,"3":27,"4":27,"5":27},"branchMap":{"0":{"type":"branch","line":1,"loc":{"start":{"line":1,"column":7},"end":{"line":6,"column":1}},"locations":[{"start":{"line":1,"column":7},"end":{"line":6,"column":1}}]}},"b":{"0":[27]},"fnMap":{"0":{"name":"formatToLocaleString","decl":{"start":{"line":1,"column":7},"end":{"line":6,"column":1}},"loc":{"start":{"line":1,"column":7},"end":{"line":6,"column":1}},"line":1}},"f":{"0":27}}
,"/home/kasiliana/Documents/dev/challenge-frontend/src/utils/notification.tsx": {"path":"/home/kasiliana/Documents/dev/challenge-frontend/src/utils/notification.tsx","all":false,"statementMap":{"0":{"start":{"line":1,"column":0},"end":{"line":1,"column":39}},"2":{"start":{"line":3,"column":0},"end":{"line":3,"column":50}},"3":{"start":{"line":4,"column":0},"end":{"line":4,"column":26}},"4":{"start":{"line":5,"column":0},"end":{"line":5,"column":29}},"5":{"start":{"line":6,"column":0},"end":{"line":6,"column":20}},"6":{"start":{"line":7,"column":0},"end":{"line":7,"column":27}},"7":{"start":{"line":8,"column":0},"end":{"line":8,"column":23}},"8":{"start":{"line":9,"column":0},"end":{"line":9,"column":23}},"9":{"start":{"line":10,"column":0},"end":{"line":10,"column":20}},"10":{"start":{"line":11,"column":0},"end":{"line":11,"column":24}},"11":{"start":{"line":12,"column":0},"end":{"line":12,"column":19}},"12":{"start":{"line":13,"column":0},"end":{"line":13,"column":7}},"13":{"start":{"line":14,"column":0},"end":{"line":14,"column":2}}},"s":{"0":1,"2":1,"3":2,"4":2,"5":2,"6":2,"7":2,"8":2,"9":2,"10":2,"11":2,"12":2,"13":2},"branchMap":{"0":{"type":"branch","line":3,"loc":{"start":{"line":3,"column":28},"end":{"line":14,"column":2}},"locations":[{"start":{"line":3,"column":28},"end":{"line":14,"column":2}}]}},"b":{"0":[2]},"fnMap":{"0":{"name":"notification","decl":{"start":{"line":3,"column":28},"end":{"line":14,"column":2}},"loc":{"start":{"line":3,"column":28},"end":{"line":14,"column":2}},"line":3}},"f":{"0":2}}
}
